<?xml version="1.0" encoding="UTF-8"?>
<coverage generated="1743314046929" clover="3.2.0">
  <project timestamp="1743314046929" name="All files">
    <metrics statements="88" coveredstatements="88" conditionals="30" coveredconditionals="30" methods="15" coveredmethods="15" elements="133" coveredelements="133" complexity="0" loc="88" ncloc="88" packages="1" files="1" classes="1"/>
    <file name="line.js" path="/Users/bryan/Desktop/Ryan Project/line.js">
      <metrics statements="88" coveredstatements="88" conditionals="30" coveredconditionals="30" methods="15" coveredmethods="15"/>
      <line num="3" count="7" type="stmt"/>
      <line num="4" count="7" type="stmt"/>
      <line num="6" count="7" type="stmt"/>
      <line num="7" count="7" type="stmt"/>
      <line num="8" count="7" type="stmt"/>
      <line num="10" count="7" type="stmt"/>
      <line num="11" count="7" type="stmt"/>
      <line num="16" count="85" type="stmt"/>
      <line num="20" count="13" type="stmt"/>
      <line num="22" count="13" type="stmt"/>
      <line num="23" count="20" type="stmt"/>
      <line num="26" count="13" type="stmt"/>
      <line num="31" count="5" type="stmt"/>
      <line num="36" count="39" type="stmt"/>
      <line num="52" count="23" type="cond" truecount="2" falsecount="0"/>
      <line num="53" count="10" type="stmt"/>
      <line num="54" count="10" type="stmt"/>
      <line num="56" count="13" type="stmt"/>
      <line num="57" count="13" type="stmt"/>
      <line num="60" count="23" type="stmt"/>
      <line num="62" count="23" type="stmt"/>
      <line num="65" count="23" type="cond" truecount="2" falsecount="0"/>
      <line num="66" count="12" type="stmt"/>
      <line num="69" count="23" type="cond" truecount="2" falsecount="0"/>
      <line num="70" count="12" type="stmt"/>
      <line num="73" count="23" type="stmt"/>
      <line num="74" count="23" type="stmt"/>
      <line num="80" count="39" type="stmt"/>
      <line num="81" count="39" type="stmt"/>
      <line num="82" count="39" type="stmt"/>
      <line num="85" count="39" type="cond" truecount="2" falsecount="0"/>
      <line num="86" count="24" type="stmt"/>
      <line num="87" count="24" type="cond" truecount="2" falsecount="0"/>
      <line num="88" count="23" type="stmt"/>
      <line num="91" count="39" type="stmt"/>
      <line num="98" count="34" type="cond" truecount="2" falsecount="0"/>
      <line num="99" count="13" type="stmt"/>
      <line num="103" count="21" type="stmt"/>
      <line num="104" count="57" type="cond" truecount="2" falsecount="0"/>
      <line num="105" count="21" type="stmt"/>
      <line num="107" count="36" type="cond" truecount="2" falsecount="0"/>
      <line num="108" count="18" type="stmt"/>
      <line num="111" count="3" type="stmt"/>
      <line num="115" count="13" type="stmt"/>
      <line num="116" count="13" type="stmt"/>
      <line num="118" count="13" type="cond" truecount="2" falsecount="0"/>
      <line num="119" count="5" type="stmt"/>
      <line num="120" count="5" type="stmt"/>
      <line num="122" count="5" type="stmt"/>
      <line num="123" count="41" type="cond" truecount="2" falsecount="0"/>
      <line num="124" count="34" type="stmt"/>
      <line num="125" count="34" type="stmt"/>
      <line num="126" count="34" type="stmt"/>
      <line num="127" count="34" type="stmt"/>
      <line num="128" count="34" type="stmt"/>
      <line num="132" count="5" type="stmt"/>
      <line num="133" count="5" type="stmt"/>
      <line num="135" count="8" type="stmt"/>
      <line num="136" count="8" type="stmt"/>
      <line num="138" count="8" type="stmt"/>
      <line num="139" count="7" type="stmt"/>
      <line num="140" count="7" type="stmt"/>
      <line num="141" count="7" type="stmt"/>
      <line num="148" count="4" type="cond" truecount="2" falsecount="0"/>
      <line num="149" count="1" type="stmt"/>
      <line num="153" count="9" type="stmt"/>
      <line num="155" count="3" type="stmt"/>
      <line num="156" count="12" type="cond" truecount="2" falsecount="0"/>
      <line num="157" count="2" type="stmt"/>
      <line num="159" count="10" type="stmt"/>
      <line num="160" count="10" type="stmt"/>
      <line num="165" count="8" type="stmt"/>
      <line num="167" count="8" type="cond" truecount="2" falsecount="0"/>
      <line num="168" count="5" type="stmt"/>
      <line num="171" count="3" type="stmt"/>
      <line num="172" count="3" type="stmt"/>
      <line num="177" count="1" type="stmt"/>
      <line num="179" count="1" type="stmt"/>
      <line num="180" count="2" type="cond" truecount="2" falsecount="0"/>
      <line num="181" count="1" type="stmt"/>
      <line num="183" count="1" type="stmt"/>
      <line num="187" count="1" type="stmt"/>
      <line num="192" count="9" type="stmt"/>
      <line num="193" count="9" type="cond" truecount="2" falsecount="0"/>
      <line num="194" count="8" type="stmt"/>
      <line num="195" count="8" type="stmt"/>
      <line num="198" count="1" type="stmt"/>
      <line num="203" count="1" type="stmt"/>
    </file>
  </project>
</coverage>
