{
  "/Users/bryan/Desktop/Ryan Project/Line.js": {
    "path": "/Users/bryan/Desktop/Ryan Project/Line.js",
    "statementMap": {
      "0": {
        "start": { "line": 3, "column": 4 },
        "end": { "line": 3, "column": 38 }
      },
      "1": {
        "start": { "line": 4, "column": 4 },
        "end": { "line": 4, "column": 37 }
      },
      "2": {
        "start": { "line": 6, "column": 4 },
        "end": { "line": 6, "column": 60 }
      },
      "3": {
        "start": { "line": 7, "column": 4 },
        "end": { "line": 7, "column": 40 }
      },
      "4": {
        "start": { "line": 8, "column": 4 },
        "end": { "line": 8, "column": 54 }
      },
      "5": {
        "start": { "line": 10, "column": 4 },
        "end": { "line": 10, "column": 40 }
      },
      "6": {
        "start": { "line": 11, "column": 4 },
        "end": { "line": 11, "column": 26 }
      },
      "7": {
        "start": { "line": 16, "column": 4 },
        "end": { "line": 16, "column": 47 }
      },
      "8": {
        "start": { "line": 20, "column": 24 },
        "end": { "line": 20, "column": 25 }
      },
      "9": {
        "start": { "line": 22, "column": 4 },
        "end": { "line": 24, "column": 5 }
      },
      "10": {
        "start": { "line": 22, "column": 30 },
        "end": { "line": 22, "column": 47 }
      },
      "11": {
        "start": { "line": 23, "column": 6 },
        "end": { "line": 23, "column": 70 }
      },
      "12": {
        "start": { "line": 26, "column": 4 },
        "end": { "line": 26, "column": 25 }
      },
      "13": {
        "start": { "line": 31, "column": 4 },
        "end": { "line": 31, "column": 26 }
      },
      "14": {
        "start": { "line": 36, "column": 4 },
        "end": { "line": 43, "column": 6 }
      },
      "15": {
        "start": { "line": 52, "column": 4 },
        "end": { "line": 58, "column": 5 }
      },
      "16": {
        "start": { "line": 53, "column": 6 },
        "end": { "line": 53, "column": 95 }
      },
      "17": {
        "start": { "line": 54, "column": 6 },
        "end": { "line": 54, "column": 65 }
      },
      "18": {
        "start": { "line": 56, "column": 21 },
        "end": { "line": 56, "column": 62 }
      },
      "19": {
        "start": { "line": 57, "column": 6 },
        "end": { "line": 57, "column": 34 }
      },
      "20": {
        "start": { "line": 60, "column": 4 },
        "end": { "line": 60, "column": 46 }
      },
      "21": {
        "start": { "line": 62, "column": 4 },
        "end": { "line": 62, "column": 24 }
      },
      "22": {
        "start": { "line": 65, "column": 4 },
        "end": { "line": 67, "column": 5 }
      },
      "23": {
        "start": { "line": 66, "column": 6 },
        "end": { "line": 66, "column": 41 }
      },
      "24": {
        "start": { "line": 69, "column": 4 },
        "end": { "line": 71, "column": 5 }
      },
      "25": {
        "start": { "line": 70, "column": 6 },
        "end": { "line": 70, "column": 59 }
      },
      "26": {
        "start": { "line": 73, "column": 4 },
        "end": { "line": 73, "column": 70 }
      },
      "27": {
        "start": { "line": 74, "column": 4 },
        "end": { "line": 74, "column": 46 }
      },
      "28": {
        "start": { "line": 80, "column": 4 },
        "end": { "line": 80, "column": 40 }
      },
      "29": {
        "start": { "line": 81, "column": 4 },
        "end": { "line": 81, "column": 93 }
      },
      "30": {
        "start": { "line": 82, "column": 4 },
        "end": { "line": 82, "column": 40 }
      },
      "31": {
        "start": { "line": 85, "column": 4 },
        "end": { "line": 90, "column": 5 }
      },
      "32": {
        "start": { "line": 86, "column": 28 },
        "end": { "line": 86, "column": 54 }
      },
      "33": {
        "start": { "line": 87, "column": 6 },
        "end": { "line": 89, "column": 7 }
      },
      "34": {
        "start": { "line": 88, "column": 8 },
        "end": { "line": 88, "column": 39 }
      },
      "35": {
        "start": { "line": 91, "column": 4 },
        "end": { "line": 91, "column": 33 }
      },
      "36": {
        "start": { "line": 98, "column": 4 },
        "end": { "line": 100, "column": 5 }
      },
      "37": {
        "start": { "line": 99, "column": 6 },
        "end": { "line": 99, "column": 90 }
      },
      "38": {
        "start": { "line": 103, "column": 4 },
        "end": { "line": 110, "column": 5 }
      },
      "39": {
        "start": { "line": 104, "column": 6 },
        "end": { "line": 106, "column": 7 }
      },
      "40": {
        "start": { "line": 105, "column": 8 },
        "end": { "line": 105, "column": 17 }
      },
      "41": {
        "start": { "line": 107, "column": 6 },
        "end": { "line": 109, "column": 7 }
      },
      "42": {
        "start": { "line": 108, "column": 8 },
        "end": { "line": 108, "column": 35 }
      },
      "43": {
        "start": { "line": 111, "column": 4 },
        "end": { "line": 111, "column": 16 }
      },
      "44": {
        "start": { "line": 115, "column": 26 },
        "end": { "line": 115, "column": 61 }
      },
      "45": {
        "start": { "line": 116, "column": 25 },
        "end": { "line": 116, "column": 26 }
      },
      "46": {
        "start": { "line": 118, "column": 4 },
        "end": { "line": 143, "column": 5 }
      },
      "47": {
        "start": { "line": 119, "column": 32 },
        "end": { "line": 119, "column": 34 }
      },
      "48": {
        "start": { "line": 120, "column": 31 },
        "end": { "line": 120, "column": 40 }
      },
      "49": {
        "start": { "line": 122, "column": 8 },
        "end": { "line": 130, "column": 9 }
      },
      "50": {
        "start": { "line": 123, "column": 12 },
        "end": { "line": 129, "column": 13 }
      },
      "51": {
        "start": { "line": 124, "column": 16 },
        "end": { "line": 124, "column": 53 }
      },
      "52": {
        "start": { "line": 125, "column": 16 },
        "end": { "line": 125, "column": 70 }
      },
      "53": {
        "start": { "line": 126, "column": 16 },
        "end": { "line": 126, "column": 45 }
      },
      "54": {
        "start": { "line": 127, "column": 16 },
        "end": { "line": 127, "column": 67 }
      },
      "55": {
        "start": { "line": 128, "column": 16 },
        "end": { "line": 128, "column": 36 }
      },
      "56": {
        "start": { "line": 132, "column": 8 },
        "end": { "line": 132, "column": 53 }
      },
      "57": {
        "start": { "line": 133, "column": 8 },
        "end": { "line": 133, "column": 65 }
      },
      "58": {
        "start": { "line": 135, "column": 32 },
        "end": { "line": 135, "column": 72 }
      },
      "59": {
        "start": { "line": 136, "column": 28 },
        "end": { "line": 136, "column": 110 }
      },
      "60": {
        "start": { "line": 136, "column": 80 },
        "end": { "line": 136, "column": 109 }
      },
      "61": {
        "start": { "line": 138, "column": 8 },
        "end": { "line": 142, "column": 9 }
      },
      "62": {
        "start": { "line": 139, "column": 12 },
        "end": { "line": 139, "column": 49 }
      },
      "63": {
        "start": { "line": 140, "column": 12 },
        "end": { "line": 140, "column": 66 }
      },
      "64": {
        "start": { "line": 141, "column": 12 },
        "end": { "line": 141, "column": 32 }
      },
      "65": {
        "start": { "line": 148, "column": 4 },
        "end": { "line": 150, "column": 5 }
      },
      "66": {
        "start": { "line": 149, "column": 6 },
        "end": { "line": 149, "column": 13 }
      },
      "67": {
        "start": { "line": 153, "column": 33 },
        "end": { "line": 153, "column": 95 }
      },
      "68": {
        "start": { "line": 153, "column": 89 },
        "end": { "line": 153, "column": 94 }
      },
      "69": {
        "start": { "line": 155, "column": 4 },
        "end": { "line": 161, "column": 5 }
      },
      "70": {
        "start": { "line": 156, "column": 6 },
        "end": { "line": 158, "column": 7 }
      },
      "71": {
        "start": { "line": 157, "column": 8 },
        "end": { "line": 157, "column": 17 }
      },
      "72": {
        "start": { "line": 159, "column": 6 },
        "end": { "line": 159, "column": 37 }
      },
      "73": {
        "start": { "line": 160, "column": 6 },
        "end": { "line": 160, "column": 52 }
      },
      "74": {
        "start": { "line": 165, "column": 26 },
        "end": { "line": 165, "column": 40 }
      },
      "75": {
        "start": { "line": 167, "column": 4 },
        "end": { "line": 169, "column": 5 }
      },
      "76": {
        "start": { "line": 168, "column": 6 },
        "end": { "line": 168, "column": 13 }
      },
      "77": {
        "start": { "line": 171, "column": 4 },
        "end": { "line": 171, "column": 35 }
      },
      "78": {
        "start": { "line": 172, "column": 4 },
        "end": { "line": 172, "column": 50 }
      },
      "79": {
        "start": { "line": 177, "column": 32 },
        "end": { "line": 177, "column": 41 }
      },
      "80": {
        "start": { "line": 179, "column": 4 },
        "end": { "line": 185, "column": 5 }
      },
      "81": {
        "start": { "line": 180, "column": 6 },
        "end": { "line": 184, "column": 7 }
      },
      "82": {
        "start": { "line": 181, "column": 8 },
        "end": { "line": 181, "column": 102 }
      },
      "83": {
        "start": { "line": 183, "column": 8 },
        "end": { "line": 183, "column": 80 }
      },
      "84": {
        "start": { "line": 187, "column": 4 },
        "end": { "line": 187, "column": 31 }
      },
      "85": {
        "start": { "line": 192, "column": 23 },
        "end": { "line": 192, "column": 45 }
      },
      "86": {
        "start": { "line": 193, "column": 4 },
        "end": { "line": 196, "column": 5 }
      },
      "87": {
        "start": { "line": 194, "column": 6 },
        "end": { "line": 194, "column": 38 }
      },
      "88": {
        "start": { "line": 195, "column": 6 },
        "end": { "line": 195, "column": 39 }
      },
      "89": {
        "start": { "line": 198, "column": 4 },
        "end": { "line": 198, "column": 16 }
      },
      "90": {
        "start": { "line": 203, "column": 0 },
        "end": { "line": 203, "column": 22 }
      }
    },
    "fnMap": {
      "0": {
        "name": "(anonymous_0)",
        "decl": {
          "start": { "line": 2, "column": 2 },
          "end": { "line": 2, "column": 3 }
        },
        "loc": {
          "start": { "line": 2, "column": 16 },
          "end": { "line": 12, "column": 3 }
        },
        "line": 2
      },
      "1": {
        "name": "(anonymous_1)",
        "decl": {
          "start": { "line": 15, "column": 2 },
          "end": { "line": 15, "column": 3 }
        },
        "loc": {
          "start": { "line": 15, "column": 38 },
          "end": { "line": 17, "column": 3 }
        },
        "line": 15
      },
      "2": {
        "name": "(anonymous_2)",
        "decl": {
          "start": { "line": 19, "column": 2 },
          "end": { "line": 19, "column": 3 }
        },
        "loc": {
          "start": { "line": 19, "column": 31 },
          "end": { "line": 27, "column": 3 }
        },
        "line": 19
      },
      "3": {
        "name": "(anonymous_3)",
        "decl": {
          "start": { "line": 30, "column": 2 },
          "end": { "line": 30, "column": 3 }
        },
        "loc": {
          "start": { "line": 30, "column": 15 },
          "end": { "line": 32, "column": 3 }
        },
        "line": 30
      },
      "4": {
        "name": "(anonymous_4)",
        "decl": {
          "start": { "line": 35, "column": 2 },
          "end": { "line": 35, "column": 3 }
        },
        "loc": {
          "start": { "line": 35, "column": 43 },
          "end": { "line": 44, "column": 3 }
        },
        "line": 35
      },
      "5": {
        "name": "(anonymous_5)",
        "decl": {
          "start": { "line": 50, "column": 2 },
          "end": { "line": 50, "column": 3 }
        },
        "loc": {
          "start": { "line": 50, "column": 19 },
          "end": { "line": 75, "column": 3 }
        },
        "line": 50
      },
      "6": {
        "name": "(anonymous_6)",
        "decl": {
          "start": { "line": 79, "column": 2 },
          "end": { "line": 79, "column": 3 }
        },
        "loc": {
          "start": { "line": 79, "column": 19 },
          "end": { "line": 92, "column": 3 }
        },
        "line": 79
      },
      "7": {
        "name": "(anonymous_7)",
        "decl": {
          "start": { "line": 96, "column": 2 },
          "end": { "line": 96, "column": 3 }
        },
        "loc": {
          "start": { "line": 96, "column": 20 },
          "end": { "line": 112, "column": 3 }
        },
        "line": 96
      },
      "8": {
        "name": "(anonymous_8)",
        "decl": {
          "start": { "line": 114, "column": 2 },
          "end": { "line": 114, "column": 3 }
        },
        "loc": {
          "start": { "line": 114, "column": 28 },
          "end": { "line": 144, "column": 3 }
        },
        "line": 114
      },
      "9": {
        "name": "(anonymous_9)",
        "decl": {
          "start": { "line": 136, "column": 70 },
          "end": { "line": 136, "column": 71 }
        },
        "loc": {
          "start": { "line": 136, "column": 80 },
          "end": { "line": 136, "column": 109 }
        },
        "line": 136
      },
      "10": {
        "name": "(anonymous_10)",
        "decl": {
          "start": { "line": 147, "column": 2 },
          "end": { "line": 147, "column": 3 }
        },
        "loc": {
          "start": { "line": 147, "column": 19 },
          "end": { "line": 162, "column": 3 }
        },
        "line": 147
      },
      "11": {
        "name": "(anonymous_11)",
        "decl": {
          "start": { "line": 153, "column": 79 },
          "end": { "line": 153, "column": 80 }
        },
        "loc": {
          "start": { "line": 153, "column": 89 },
          "end": { "line": 153, "column": 94 }
        },
        "line": 153
      },
      "12": {
        "name": "(anonymous_12)",
        "decl": {
          "start": { "line": 164, "column": 2 },
          "end": { "line": 164, "column": 3 }
        },
        "loc": {
          "start": { "line": 164, "column": 22 },
          "end": { "line": 173, "column": 3 }
        },
        "line": 164
      },
      "13": {
        "name": "(anonymous_13)",
        "decl": {
          "start": { "line": 176, "column": 2 },
          "end": { "line": 176, "column": 3 }
        },
        "loc": {
          "start": { "line": 176, "column": 13 },
          "end": { "line": 188, "column": 3 }
        },
        "line": 176
      },
      "14": {
        "name": "(anonymous_14)",
        "decl": {
          "start": { "line": 191, "column": 2 },
          "end": { "line": 191, "column": 3 }
        },
        "loc": {
          "start": { "line": 191, "column": 28 },
          "end": { "line": 199, "column": 3 }
        },
        "line": 191
      }
    },
    "branchMap": {
      "0": {
        "loc": {
          "start": { "line": 52, "column": 4 },
          "end": { "line": 58, "column": 5 }
        },
        "type": "if",
        "locations": [
          {
            "start": { "line": 52, "column": 4 },
            "end": { "line": 58, "column": 5 }
          },
          {
            "start": { "line": 55, "column": 9 },
            "end": { "line": 58, "column": 5 }
          }
        ],
        "line": 52
      },
      "1": {
        "loc": {
          "start": { "line": 65, "column": 4 },
          "end": { "line": 67, "column": 5 }
        },
        "type": "if",
        "locations": [
          {
            "start": { "line": 65, "column": 4 },
            "end": { "line": 67, "column": 5 }
          },
          { "start": {}, "end": {} }
        ],
        "line": 65
      },
      "2": {
        "loc": {
          "start": { "line": 69, "column": 4 },
          "end": { "line": 71, "column": 5 }
        },
        "type": "if",
        "locations": [
          {
            "start": { "line": 69, "column": 4 },
            "end": { "line": 71, "column": 5 }
          },
          { "start": {}, "end": {} }
        ],
        "line": 69
      },
      "3": {
        "loc": {
          "start": { "line": 85, "column": 4 },
          "end": { "line": 90, "column": 5 }
        },
        "type": "if",
        "locations": [
          {
            "start": { "line": 85, "column": 4 },
            "end": { "line": 90, "column": 5 }
          },
          { "start": {}, "end": {} }
        ],
        "line": 85
      },
      "4": {
        "loc": {
          "start": { "line": 87, "column": 6 },
          "end": { "line": 89, "column": 7 }
        },
        "type": "if",
        "locations": [
          {
            "start": { "line": 87, "column": 6 },
            "end": { "line": 89, "column": 7 }
          },
          { "start": {}, "end": {} }
        ],
        "line": 87
      },
      "5": {
        "loc": {
          "start": { "line": 98, "column": 4 },
          "end": { "line": 100, "column": 5 }
        },
        "type": "if",
        "locations": [
          {
            "start": { "line": 98, "column": 4 },
            "end": { "line": 100, "column": 5 }
          },
          { "start": {}, "end": {} }
        ],
        "line": 98
      },
      "6": {
        "loc": {
          "start": { "line": 104, "column": 6 },
          "end": { "line": 106, "column": 7 }
        },
        "type": "if",
        "locations": [
          {
            "start": { "line": 104, "column": 6 },
            "end": { "line": 106, "column": 7 }
          },
          { "start": {}, "end": {} }
        ],
        "line": 104
      },
      "7": {
        "loc": {
          "start": { "line": 107, "column": 6 },
          "end": { "line": 109, "column": 7 }
        },
        "type": "if",
        "locations": [
          {
            "start": { "line": 107, "column": 6 },
            "end": { "line": 109, "column": 7 }
          },
          { "start": {}, "end": {} }
        ],
        "line": 107
      },
      "8": {
        "loc": {
          "start": { "line": 118, "column": 4 },
          "end": { "line": 143, "column": 5 }
        },
        "type": "if",
        "locations": [
          {
            "start": { "line": 118, "column": 4 },
            "end": { "line": 143, "column": 5 }
          },
          {
            "start": { "line": 134, "column": 11 },
            "end": { "line": 143, "column": 5 }
          }
        ],
        "line": 118
      },
      "9": {
        "loc": {
          "start": { "line": 123, "column": 12 },
          "end": { "line": 129, "column": 13 }
        },
        "type": "if",
        "locations": [
          {
            "start": { "line": 123, "column": 12 },
            "end": { "line": 129, "column": 13 }
          },
          { "start": {}, "end": {} }
        ],
        "line": 123
      },
      "10": {
        "loc": {
          "start": { "line": 148, "column": 4 },
          "end": { "line": 150, "column": 5 }
        },
        "type": "if",
        "locations": [
          {
            "start": { "line": 148, "column": 4 },
            "end": { "line": 150, "column": 5 }
          },
          { "start": {}, "end": {} }
        ],
        "line": 148
      },
      "11": {
        "loc": {
          "start": { "line": 156, "column": 6 },
          "end": { "line": 158, "column": 7 }
        },
        "type": "if",
        "locations": [
          {
            "start": { "line": 156, "column": 6 },
            "end": { "line": 158, "column": 7 }
          },
          { "start": {}, "end": {} }
        ],
        "line": 156
      },
      "12": {
        "loc": {
          "start": { "line": 167, "column": 4 },
          "end": { "line": 169, "column": 5 }
        },
        "type": "if",
        "locations": [
          {
            "start": { "line": 167, "column": 4 },
            "end": { "line": 169, "column": 5 }
          },
          { "start": {}, "end": {} }
        ],
        "line": 167
      },
      "13": {
        "loc": {
          "start": { "line": 180, "column": 6 },
          "end": { "line": 184, "column": 7 }
        },
        "type": "if",
        "locations": [
          {
            "start": { "line": 180, "column": 6 },
            "end": { "line": 184, "column": 7 }
          },
          {
            "start": { "line": 182, "column": 13 },
            "end": { "line": 184, "column": 7 }
          }
        ],
        "line": 180
      },
      "14": {
        "loc": {
          "start": { "line": 193, "column": 4 },
          "end": { "line": 196, "column": 5 }
        },
        "type": "if",
        "locations": [
          {
            "start": { "line": 193, "column": 4 },
            "end": { "line": 196, "column": 5 }
          },
          { "start": {}, "end": {} }
        ],
        "line": 193
      }
    },
    "s": {
      "0": 7,
      "1": 7,
      "2": 7,
      "3": 7,
      "4": 7,
      "5": 7,
      "6": 7,
      "7": 85,
      "8": 13,
      "9": 13,
      "10": 13,
      "11": 20,
      "12": 13,
      "13": 5,
      "14": 39,
      "15": 23,
      "16": 10,
      "17": 10,
      "18": 13,
      "19": 13,
      "20": 23,
      "21": 23,
      "22": 23,
      "23": 12,
      "24": 23,
      "25": 12,
      "26": 23,
      "27": 23,
      "28": 39,
      "29": 39,
      "30": 39,
      "31": 39,
      "32": 24,
      "33": 24,
      "34": 23,
      "35": 39,
      "36": 34,
      "37": 13,
      "38": 21,
      "39": 57,
      "40": 21,
      "41": 36,
      "42": 18,
      "43": 3,
      "44": 13,
      "45": 13,
      "46": 13,
      "47": 5,
      "48": 5,
      "49": 5,
      "50": 41,
      "51": 34,
      "52": 34,
      "53": 34,
      "54": 34,
      "55": 34,
      "56": 5,
      "57": 5,
      "58": 8,
      "59": 8,
      "60": 3,
      "61": 8,
      "62": 7,
      "63": 7,
      "64": 7,
      "65": 4,
      "66": 1,
      "67": 3,
      "68": 9,
      "69": 3,
      "70": 12,
      "71": 2,
      "72": 10,
      "73": 10,
      "74": 8,
      "75": 8,
      "76": 5,
      "77": 3,
      "78": 3,
      "79": 1,
      "80": 1,
      "81": 2,
      "82": 1,
      "83": 1,
      "84": 1,
      "85": 9,
      "86": 9,
      "87": 8,
      "88": 8,
      "89": 1,
      "90": 1
    },
    "f": {
      "0": 7,
      "1": 85,
      "2": 13,
      "3": 5,
      "4": 39,
      "5": 23,
      "6": 39,
      "7": 34,
      "8": 13,
      "9": 3,
      "10": 4,
      "11": 9,
      "12": 8,
      "13": 1,
      "14": 9
    },
    "b": {
      "0": [10, 13],
      "1": [12, 11],
      "2": [12, 11],
      "3": [24, 15],
      "4": [23, 1],
      "5": [13, 21],
      "6": [21, 36],
      "7": [18, 18],
      "8": [5, 8],
      "9": [34, 7],
      "10": [1, 3],
      "11": [2, 10],
      "12": [5, 3],
      "13": [1, 1],
      "14": [8, 1]
    },
    "_coverageSchema": "1a1c01bbd47fc00a2c39e90264f33305004495a9",
    "hash": "ddabb7fda0ac724bc74856ca0ea607eb7947d831"
  }
}
