TN:
SF:line.js
FN:2,(anonymous_0)
FN:15,(anonymous_1)
FN:19,(anonymous_2)
FN:30,(anonymous_3)
FN:35,(anonymous_4)
FN:50,(anonymous_5)
FN:79,(anonymous_6)
FN:96,(anonymous_7)
FN:114,(anonymous_8)
FN:136,(anonymous_9)
FN:147,(anonymous_10)
FN:153,(anonymous_11)
FN:165,(anonymous_12)
FN:177,(anonymous_13)
FN:192,(anonymous_14)
FNF:15
FNH:15
FNDA:13,(anonymous_0)
FNDA:85,(anonymous_1)
FNDA:13,(anonymous_2)
FNDA:5,(anonymous_3)
FNDA:39,(anonymous_4)
FNDA:23,(anonymous_5)
FNDA:39,(anonymous_6)
FNDA:34,(anonymous_7)
FNDA:13,(anonymous_8)
FNDA:3,(anonymous_9)
FNDA:4,(anonymous_10)
FNDA:9,(anonymous_11)
FNDA:8,(anonymous_12)
FNDA:1,(anonymous_13)
FNDA:9,(anonymous_14)
DA:3,13
DA:4,13
DA:6,13
DA:7,13
DA:8,13
DA:10,13
DA:11,13
DA:16,85
DA:20,13
DA:22,13
DA:23,20
DA:26,13
DA:31,5
DA:36,39
DA:52,23
DA:53,10
DA:54,10
DA:56,13
DA:57,13
DA:60,23
DA:62,23
DA:65,23
DA:66,12
DA:69,23
DA:70,12
DA:73,23
DA:74,23
DA:80,39
DA:81,39
DA:82,39
DA:85,39
DA:86,24
DA:87,24
DA:88,23
DA:91,39
DA:98,34
DA:99,13
DA:103,21
DA:104,57
DA:105,21
DA:107,36
DA:108,18
DA:111,3
DA:115,13
DA:116,13
DA:118,13
DA:119,5
DA:120,5
DA:122,5
DA:123,41
DA:124,34
DA:125,34
DA:126,34
DA:127,34
DA:128,34
DA:132,5
DA:133,5
DA:135,8
DA:136,8
DA:138,8
DA:139,7
DA:140,7
DA:141,7
DA:148,4
DA:149,1
DA:153,9
DA:155,3
DA:156,12
DA:157,2
DA:159,10
DA:160,10
DA:166,8
DA:168,8
DA:169,5
DA:172,3
DA:173,3
DA:178,1
DA:180,1
DA:181,2
DA:182,1
DA:184,1
DA:188,1
DA:193,9
DA:194,9
DA:195,8
DA:196,8
DA:199,1
DA:206,1
LF:88
LH:88
BRDA:52,0,0,10
BRDA:52,0,1,13
BRDA:65,1,0,12
BRDA:65,1,1,11
BRDA:69,2,0,12
BRDA:69,2,1,11
BRDA:85,3,0,24
BRDA:85,3,1,15
BRDA:87,4,0,23
BRDA:87,4,1,1
BRDA:98,5,0,13
BRDA:98,5,1,21
BRDA:104,6,0,21
BRDA:104,6,1,36
BRDA:107,7,0,18
BRDA:107,7,1,18
BRDA:118,8,0,5
BRDA:118,8,1,8
BRDA:123,9,0,34
BRDA:123,9,1,7
BRDA:148,10,0,1
BRDA:148,10,1,3
BRDA:156,11,0,2
BRDA:156,11,1,10
BRDA:168,12,0,5
BRDA:168,12,1,3
BRDA:181,13,0,1
BRDA:181,13,1,1
BRDA:194,14,0,8
BRDA:194,14,1,1
BRF:30
BRH:30
end_of_record
