TN:
SF:CSVProcessor.js
FN:9,CSVProcessor
FN:16,processCSV
FN:51,createDBUser
FN:90,addToLine
FN:99,sortAndUpdate
FN:113,updateDatabaseBatchUsersPosition
FN:133,updateDatabaseUserPosition
FN:147,parsePlatforms
FN:158,parseTradingMethods
FNF:9
FNH:2
FNDA:1,CSVProcessor
FNDA:0,processCSV
FNDA:0,createDBUser
FNDA:0,addToLine
FNDA:0,sortAndUpdate
FNDA:1,updateDatabaseBatchUsersPosition
FNDA:0,updateDatabaseUserPosition
FNDA:0,parsePlatforms
FNDA:0,parseTradingMethods
DA:1,1
DA:2,1
DA:3,1
DA:4,1
DA:5,1
DA:6,1
DA:7,1
DA:8,1
DA:9,1
DA:10,1
DA:11,1
DA:12,1
DA:13,1
DA:14,1
DA:15,1
DA:16,1
DA:17,0
DA:18,0
DA:19,0
DA:20,0
DA:21,0
DA:22,0
DA:23,0
DA:24,0
DA:25,0
DA:26,0
DA:27,0
DA:28,0
DA:29,0
DA:30,0
DA:31,0
DA:32,0
DA:33,0
DA:34,0
DA:35,0
DA:36,0
DA:37,0
DA:38,0
DA:39,0
DA:40,0
DA:41,0
DA:42,0
DA:43,0
DA:44,0
DA:45,0
DA:46,0
DA:47,0
DA:48,0
DA:49,0
DA:50,1
DA:51,1
DA:52,0
DA:53,0
DA:54,0
DA:55,0
DA:56,0
DA:57,0
DA:58,0
DA:59,0
DA:60,0
DA:61,0
DA:62,0
DA:63,0
DA:64,0
DA:65,0
DA:66,0
DA:67,0
DA:68,0
DA:69,0
DA:70,0
DA:71,0
DA:72,0
DA:73,0
DA:74,0
DA:75,0
DA:76,0
DA:77,0
DA:78,0
DA:79,0
DA:80,0
DA:81,0
DA:82,0
DA:83,0
DA:84,0
DA:85,0
DA:86,0
DA:87,0
DA:88,0
DA:89,1
DA:90,1
DA:91,0
DA:92,0
DA:93,0
DA:94,0
DA:95,0
DA:96,0
DA:97,0
DA:98,1
DA:99,1
DA:100,0
DA:101,0
DA:102,0
DA:103,0
DA:104,0
DA:105,0
DA:106,0
DA:107,0
DA:108,0
DA:109,0
DA:110,0
DA:111,0
DA:112,1
DA:113,1
DA:114,1
DA:115,1
DA:116,1
DA:117,2
DA:118,2
DA:119,2
DA:120,2
DA:121,2
DA:122,2
DA:123,2
DA:124,2
DA:125,2
DA:126,1
DA:127,1
DA:128,1
DA:129,1
DA:130,1
DA:131,1
DA:132,1
DA:133,1
DA:134,0
DA:135,0
DA:136,0
DA:137,0
DA:138,0
DA:139,0
DA:140,0
DA:141,0
DA:142,0
DA:143,0
DA:144,0
DA:145,0
DA:146,1
DA:147,1
DA:148,0
DA:149,0
DA:150,0
DA:151,0
DA:152,0
DA:153,0
DA:154,0
DA:155,0
DA:156,0
DA:157,1
DA:158,1
DA:159,0
DA:160,0
DA:161,0
DA:162,0
DA:163,0
DA:164,1
DA:165,1
DA:166,1
LF:166
LH:51
BRDA:9,0,0,1
BRDA:113,1,0,1
BRDA:114,2,0,0
BRDA:116,3,0,2
BRF:4
BRH:3
end_of_record
TN:
SF:Line.js
FN:2,Line
FN:15,markBucketAsUnsorted
FN:19,getGlobalOffset
FN:34,isEmpty
FN:39,createUser
FN:54,updateUser
FN:85,insertUser
FN:105,findUser
FN:125,sortBucket
FN:160,sortAllBuckets
FN:180,sortUserBucket
FN:193,getUsers
FN:211,getGroup
FN:223,getGlobalPosition
FNF:14
FNH:13
FNDA:7,Line
FNDA:85,markBucketAsUnsorted
FNDA:13,getGlobalOffset
FNDA:5,isEmpty
FNDA:39,createUser
FNDA:23,updateUser
FNDA:39,insertUser
FNDA:34,findUser
FNDA:13,sortBucket
FNDA:4,sortAllBuckets
FNDA:8,sortUserBucket
FNDA:1,getUsers
FNDA:0,getGroup
FNDA:9,getGlobalPosition
DA:1,1
DA:2,1
DA:3,7
DA:4,7
DA:5,7
DA:6,7
DA:7,7
DA:8,7
DA:9,7
DA:10,7
DA:11,7
DA:12,7
DA:13,1
DA:14,1
DA:15,1
DA:16,85
DA:17,85
DA:18,1
DA:19,1
DA:20,13
DA:21,13
DA:22,13
DA:23,13
DA:24,13
DA:25,13
DA:26,13
DA:27,20
DA:28,20
DA:29,13
DA:30,13
DA:31,13
DA:32,1
DA:33,1
DA:34,1
DA:35,5
DA:36,5
DA:37,1
DA:38,1
DA:39,1
DA:40,39
DA:41,39
DA:42,39
DA:43,39
DA:44,39
DA:45,39
DA:46,39
DA:47,39
DA:48,39
DA:49,1
DA:50,1
DA:51,1
DA:52,1
DA:53,1
DA:54,1
DA:55,23
DA:56,23
DA:57,10
DA:58,10
DA:59,10
DA:60,10
DA:61,23
DA:62,13
DA:63,13
DA:64,13
DA:65,23
DA:66,23
DA:67,23
DA:68,23
DA:69,23
DA:70,23
DA:71,23
DA:72,12
DA:73,12
DA:74,23
DA:75,23
DA:76,12
DA:77,12
DA:78,23
DA:79,23
DA:80,23
DA:81,23
DA:82,1
DA:83,1
DA:84,1
DA:85,1
DA:86,39
DA:87,39
DA:88,39
DA:89,39
DA:90,39
DA:91,39
DA:92,39
DA:93,39
DA:94,39
DA:95,24
DA:96,24
DA:97,23
DA:98,23
DA:99,24
DA:100,39
DA:101,39
DA:102,1
DA:103,1
DA:104,1
DA:105,1
DA:106,34
DA:107,34
DA:108,13
DA:109,13
DA:110,13
DA:111,13
DA:112,21
DA:113,21
DA:114,34
DA:115,57
DA:116,21
DA:117,21
DA:118,57
DA:119,18
DA:120,18
DA:121,57
DA:122,3
DA:123,3
DA:124,1
DA:125,1
DA:126,13
DA:127,13
DA:128,13
DA:129,13
DA:130,5
DA:131,5
DA:132,5
DA:133,5
DA:134,41
DA:135,34
DA:136,34
DA:137,34
DA:138,34
DA:139,34
DA:140,34
DA:141,41
DA:142,5
DA:143,5
DA:144,5
DA:145,13
DA:146,8
DA:147,8
DA:148,8
DA:149,8
DA:150,8
DA:151,8
DA:152,7
DA:153,7
DA:154,7
DA:155,7
DA:156,8
DA:157,13
DA:158,1
DA:159,1
DA:160,1
DA:161,4
DA:162,1
DA:163,1
DA:164,3
DA:165,3
DA:166,3
DA:167,3
DA:168,3
DA:169,3
DA:170,3
DA:171,3
DA:172,4
DA:173,10
DA:174,10
DA:175,10
DA:176,3
DA:177,3
DA:178,3
DA:179,1
DA:180,1
DA:181,8
DA:182,8
DA:183,8
DA:184,5
DA:185,5
DA:186,3
DA:187,3
DA:188,3
DA:189,3
DA:190,1
DA:191,1
DA:192,1
DA:193,1
DA:194,1
DA:195,1
DA:196,1
DA:197,2
DA:198,1
DA:199,1
DA:200,1
DA:201,1
DA:202,1
DA:203,1
DA:204,1
DA:205,1
DA:206,2
DA:207,1
DA:208,1
DA:209,1
DA:210,1
DA:211,1
DA:212,0
DA:213,0
DA:214,0
DA:215,0
DA:216,0
DA:217,0
DA:218,0
DA:219,0
DA:220,0
DA:221,1
DA:222,1
DA:223,1
DA:224,9
DA:225,9
DA:226,8
DA:227,8
DA:228,8
DA:229,1
DA:230,1
DA:231,1
DA:232,1
DA:233,1
DA:234,1
LF:234
LH:225
BRDA:2,0,0,7
BRDA:15,1,0,85
BRDA:19,2,0,13
BRDA:26,3,0,20
BRDA:34,4,0,5
BRDA:39,5,0,39
BRDA:54,6,0,23
BRDA:56,7,0,10
BRDA:61,8,0,13
BRDA:71,9,0,12
BRDA:75,10,0,12
BRDA:85,11,0,39
BRDA:94,12,0,24
BRDA:96,13,0,23
BRDA:105,14,0,34
BRDA:107,15,0,13
BRDA:111,16,0,21
BRDA:114,17,0,57
BRDA:115,18,0,21
BRDA:117,19,0,36
BRDA:118,20,0,18
BRDA:121,21,0,3
BRDA:125,22,0,13
BRDA:129,23,0,5
BRDA:133,24,0,41
BRDA:134,25,0,34
BRDA:145,26,0,8
BRDA:151,27,0,7
BRDA:148,28,0,3
BRDA:160,29,0,4
BRDA:161,30,0,1
BRDA:163,31,0,3
BRDA:172,32,0,10
BRDA:175,33,0,3
BRDA:167,34,0,7
BRDA:180,35,0,8
BRDA:183,36,0,5
BRDA:185,37,0,3
BRDA:193,38,0,1
BRDA:196,39,0,2
BRDA:197,40,0,1
BRDA:223,41,0,9
BRDA:225,42,0,8
BRDA:228,43,0,1
BRF:44
BRH:44
end_of_record
